# timestamp | duration | file | instruction | dir | modtime | etag | size | fileId | status | errorString | http result code | other size | other modtime | other etag | other fileId | other instruction
#=#=#=# Syncrun started 2017-12-30T12:50:30
#=#=#=#=# Propagation starts 2017-12-30T12:50:30 (last step: 246 msec, total: 246 msec)
#=#=#=# Syncrun finished 2017-12-30T12:50:30 (last step: 106 msec, total: 352 msec)
#=#=#=# Syncrun started 2017-12-30T12:51:13
#=#=#=#=# Propagation starts 2017-12-30T12:51:13 (last step: 139 msec, total: 139 msec)
||notes.sqlite|INST_NEW|Up|1514609472||11264||3|本地文件在同步时已修改。|0|0|0|||INST_NONE|
||notes.sqlite-journal|INST_NEW|Up|1514609473||3608||3|本地文件在同步时已修改。|0|0|0|||INST_NONE|
#=#=#=# Syncrun finished 2017-12-30T12:51:13 (last step: 53 msec, total: 193 msec)
#=#=#=# Syncrun started 2017-12-30T12:51:15
#=#=#=#=# Propagation starts 2017-12-30T12:51:15 (last step: 203 msec, total: 203 msec)
04:51:15||notes.sqlite|INST_NEW|Up|1514609473|33ee04aca9c5403b2a5ebef233b29fcb|11264|00000204ocq7ixsnr0f1|4||201|0|0|||INST_NONE|
#=#=#=# Syncrun finished 2017-12-30T12:51:15 (last step: 228 msec, total: 432 msec)
#=#=#=# Syncrun started 2017-12-30T12:52:01
#=#=#=#=# Propagation starts 2017-12-30T12:52:02 (last step: 130 msec, total: 130 msec)
04:52:02||初始|INST_NEW|Up|1514609519||0|00000205ocq7ixsnr0f1|4||201|0|0|||INST_NONE|
#=#=#=# Syncrun finished 2017-12-30T12:52:02 (last step: 185 msec, total: 315 msec)
#=#=#=# Syncrun started 2017-12-30T12:52:16
#=#=#=#=# Propagation starts 2017-12-30T12:52:16 (last step: 256 msec, total: 256 msec)
04:52:16||初始/Markdown Cheatsheet.md|INST_NEW|Up|1514596587|f75c474cf05c4976597c97e9ec45ec75|6823|00000206ocq7ixsnr0f1|4||201|0|0|||INST_NONE|
04:52:16||初始/Welcome to QOwnNotes.md|INST_NEW|Up|1514534287|698ee386dde31d3bdc7cc37cf286c121|848|00000207ocq7ixsnr0f1|4||201|0|0|||INST_NONE|
04:52:16||初始/阿里云连接密码.md|INST_NEW|Up|1514609213|f04cf58ba76f17a5dfa3a5a38498bf5d|37|00000208ocq7ixsnr0f1|4||201|0|0|||INST_NONE|
04:52:16||初始/Markdown Showcase.md|INST_NEW|Up|1514534287|e9a3110d8ed47a7db768a78f7b027529|1193|00000209ocq7ixsnr0f1|4||201|0|0|||INST_NONE|
#=#=#=# Syncrun finished 2017-12-30T12:52:16 (last step: 333 msec, total: 590 msec)
#=#=#=# Syncrun started 2017-12-30T12:53:04
#=#=#=#=# Propagation starts 2017-12-30T12:53:04 (last step: 296 msec, total: 296 msec)
#=#=#=# Syncrun finished 2017-12-30T12:53:04 (last step: 107 msec, total: 404 msec)
#=#=#=# Syncrun started 2017-12-30T12:54:29
#=#=#=#=# Propagation starts 2017-12-30T12:54:30 (last step: 475 msec, total: 475 msec)
04:54:30||初始/阿里云连接密码.md|INST_SYNC|Up|1514609667|f1f9bb9c8dc024115a94e7832c121aa4|37|00000208ocq7ixsnr0f1|4||204|37|1514609213|f04cf58ba76f17a5dfa3a5a38498bf5d|00000208ocq7ixsnr0f1|INST_NONE|
#=#=#=# Syncrun finished 2017-12-30T12:54:30 (last step: 538 msec, total: 1013 msec)
#=#=#=# Syncrun started 2017-12-30T12:55:04
#=#=#=#=# Propagation starts 2017-12-30T12:55:04 (last step: 290 msec, total: 290 msec)
#=#=#=# Syncrun finished 2017-12-30T12:55:04 (last step: 112 msec, total: 403 msec)
#=#=#=# Syncrun started 2017-12-30T13:01:32
#=#=#=#=# Propagation starts 2017-12-30T13:01:32 (last step: 164 msec, total: 164 msec)
05:01:32||初始/阿里云连接密码.md|INST_SYNC|Up|1514610089|27aa8996f346bd00b6495d8558e3cd65|79|00000208ocq7ixsnr0f1|4||204|37|1514609667|f1f9bb9c8dc024115a94e7832c121aa4|00000208ocq7ixsnr0f1|INST_NONE|
#=#=#=# Syncrun finished 2017-12-30T13:01:32 (last step: 265 msec, total: 429 msec)
#=#=#=# Syncrun started 2017-12-30T13:02:04
#=#=#=#=# Propagation starts 2017-12-30T13:02:04 (last step: 437 msec, total: 437 msec)
#=#=#=# Syncrun finished 2017-12-30T13:02:04 (last step: 102 msec, total: 540 msec)
#=#=#=# Syncrun started 2017-12-30T13:02:30
#=#=#=#=# Propagation starts 2017-12-30T13:02:30 (last step: 663 msec, total: 663 msec)
05:02:31||初始/阿里云连接密码.md|INST_SYNC|Up|1514610148|bc80c3f8ed33a339101727c11a142894|72|00000208ocq7ixsnr0f1|4||204|79|1514610089|27aa8996f346bd00b6495d8558e3cd65|00000208ocq7ixsnr0f1|INST_NONE|
#=#=#=# Syncrun finished 2017-12-30T13:02:31 (last step: 351 msec, total: 1015 msec)
#=#=#=# Syncrun started 2017-12-30T13:03:04
#=#=#=#=# Propagation starts 2017-12-30T13:03:04 (last step: 256 msec, total: 256 msec)
#=#=#=# Syncrun finished 2017-12-30T13:03:04 (last step: 147 msec, total: 404 msec)
#=#=#=# Syncrun started 2017-12-30T13:03:52
#=#=#=#=# Propagation starts 2017-12-30T13:03:52 (last step: 133 msec, total: 133 msec)
05:03:53||初始/阿里云连接密码.md|INST_SYNC|Up|1514610230|bb14676c9b3e55567aa891c62199b0d7|67|00000208ocq7ixsnr0f1|4||204|72|1514610148|bc80c3f8ed33a339101727c11a142894|00000208ocq7ixsnr0f1|INST_NONE|
#=#=#=# Syncrun finished 2017-12-30T13:03:52 (last step: 247 msec, total: 380 msec)
#=#=#=# Syncrun started 2017-12-30T13:04:34
#=#=#=#=# Propagation starts 2017-12-30T13:04:34 (last step: 246 msec, total: 246 msec)
#=#=#=# Syncrun finished 2017-12-30T13:04:34 (last step: 136 msec, total: 383 msec)
#=#=#=# Syncrun started 2017-12-30T13:27:09
#=#=#=#=# Propagation starts 2017-12-30T13:27:09 (last step: 210 msec, total: 210 msec)
05:27:09||初始/阿里云连接密码.md|INST_SYNC|Up|1514611626|ee282f09da65852211bc7d9936b086bd|95|00000208ocq7ixsnr0f1|4||204|67|1514610230|bb14676c9b3e55567aa891c62199b0d7|00000208ocq7ixsnr0f1|INST_NONE|
#=#=#=# Syncrun finished 2017-12-30T13:27:09 (last step: 292 msec, total: 503 msec)
#=#=#=# Syncrun started 2017-12-30T13:27:11
#=#=#=#=# Propagation starts 2017-12-30T13:27:11 (last step: 216 msec, total: 216 msec)
05:27:12||初始/阿里云连接密码.md|INST_SYNC|Up|1514611629|fef40ce5a82b411921b1fcdce60f53c7|97|00000208ocq7ixsnr0f1|4||204|95|1514611626|ee282f09da65852211bc7d9936b086bd|00000208ocq7ixsnr0f1|INST_NONE|
#=#=#=# Syncrun finished 2017-12-30T13:27:12 (last step: 328 msec, total: 544 msec)
#=#=#=# Syncrun started 2017-12-30T13:28:04
#=#=#=#=# Propagation starts 2017-12-30T13:28:04 (last step: 329 msec, total: 329 msec)
#=#=#=# Syncrun finished 2017-12-30T13:28:04 (last step: 136 msec, total: 466 msec)
#=#=#=# Syncrun started 2017-12-30T13:31:26
#=#=#=#=# Propagation starts 2017-12-30T13:31:27 (last step: 225 msec, total: 225 msec)
05:31:27||初始/Markdown Cheatsheet.md|INST_SYNC|Up|1514611884|8812a1545e0f7dfe3755e4f52196c456|6823|00000206ocq7ixsnr0f1|4||204|6823|1514596587|f75c474cf05c4976597c97e9ec45ec75|00000206ocq7ixsnr0f1|INST_NONE|
#=#=#=# Syncrun finished 2017-12-30T13:31:27 (last step: 240 msec, total: 465 msec)
#=#=#=# Syncrun started 2017-12-30T13:31:29
#=#=#=#=# Propagation starts 2017-12-30T13:31:29 (last step: 212 msec, total: 212 msec)
05:31:30||初始/阿里云连接密码.md|INST_SYNC|Up|1514611887|746b240886f0063662966b1157994f6c|99|00000208ocq7ixsnr0f1|4||204|97|1514611629|fef40ce5a82b411921b1fcdce60f53c7|00000208ocq7ixsnr0f1|INST_NONE|
#=#=#=# Syncrun finished 2017-12-30T13:31:29 (last step: 263 msec, total: 476 msec)
#=#=#=# Syncrun started 2017-12-30T13:31:36
#=#=#=#=# Propagation starts 2017-12-30T13:31:37 (last step: 244 msec, total: 244 msec)
05:31:37||初始/阿里云连接密码.md|INST_SYNC|Up|1514611894|fc2a14c1c14cc8204305d6e7a43b4723|103|00000208ocq7ixsnr0f1|4||204|99|1514611887|746b240886f0063662966b1157994f6c|00000208ocq7ixsnr0f1|INST_NONE|
#=#=#=# Syncrun finished 2017-12-30T13:31:37 (last step: 268 msec, total: 513 msec)
#=#=#=# Syncrun started 2017-12-30T13:31:39
#=#=#=#=# Propagation starts 2017-12-30T13:31:39 (last step: 245 msec, total: 245 msec)
05:31:40||初始/阿里云连接密码.md|INST_SYNC|Up|1514611897|1b735587c6e5a9c8c2f0b3476af740cf|101|00000208ocq7ixsnr0f1|4||204|103|1514611894|fc2a14c1c14cc8204305d6e7a43b4723|00000208ocq7ixsnr0f1|INST_NONE|
#=#=#=# Syncrun finished 2017-12-30T13:31:39 (last step: 285 msec, total: 530 msec)
#=#=#=# Syncrun started 2017-12-30T13:31:42
#=#=#=#=# Propagation starts 2017-12-30T13:31:42 (last step: 251 msec, total: 251 msec)
05:31:42||初始/阿里云连接密码.md|INST_SYNC|Up|1514611899|a5fb8677899f4cb447336348893b51f5|101|00000208ocq7ixsnr0f1|4||204|101|1514611897|1b735587c6e5a9c8c2f0b3476af740cf|00000208ocq7ixsnr0f1|INST_NONE|
#=#=#=# Syncrun finished 2017-12-30T13:31:42 (last step: 244 msec, total: 496 msec)
#=#=#=# Syncrun started 2017-12-30T13:31:44
#=#=#=#=# Propagation starts 2017-12-30T13:31:44 (last step: 255 msec, total: 255 msec)
05:31:45||初始/阿里云连接密码.md|INST_SYNC|Up|1514611902|f50eff535877630e01c53cca428ebbce|111|00000208ocq7ixsnr0f1|4||204|101|1514611899|a5fb8677899f4cb447336348893b51f5|00000208ocq7ixsnr0f1|INST_NONE|
#=#=#=# Syncrun finished 2017-12-30T13:31:45 (last step: 275 msec, total: 531 msec)
#=#=#=# Syncrun started 2017-12-30T13:31:48
#=#=#=#=# Propagation starts 2017-12-30T13:31:48 (last step: 352 msec, total: 352 msec)
05:31:49||初始/阿里云连接密码.md|INST_SYNC|Up|1514611906|b940e429e0246b74ac22cef14faf0419|116|00000208ocq7ixsnr0f1|4||204|111|1514611902|f50eff535877630e01c53cca428ebbce|00000208ocq7ixsnr0f1|INST_NONE|
#=#=#=# Syncrun finished 2017-12-30T13:31:48 (last step: 317 msec, total: 669 msec)
#=#=#=# Syncrun started 2017-12-30T13:31:50
#=#=#=#=# Propagation starts 2017-12-30T13:31:51 (last step: 228 msec, total: 228 msec)
05:31:51||初始/阿里云连接密码.md|INST_SYNC|Up|1514611908|3ea490b7681828166eebd351b76feea2|123|00000208ocq7ixsnr0f1|4||204|116|1514611906|b940e429e0246b74ac22cef14faf0419|00000208ocq7ixsnr0f1|INST_NONE|
#=#=#=# Syncrun finished 2017-12-30T13:31:51 (last step: 238 msec, total: 466 msec)
#=#=#=# Syncrun started 2017-12-30T13:31:56
#=#=#=#=# Propagation starts 2017-12-30T13:31:57 (last step: 224 msec, total: 224 msec)
05:31:57||初始/阿里云连接密码.md|INST_SYNC|Up|1514611914|30e53b43454cdeae9ff24ea416c7b3ee|125|00000208ocq7ixsnr0f1|4||204|123|1514611908|3ea490b7681828166eebd351b76feea2|00000208ocq7ixsnr0f1|INST_NONE|
#=#=#=# Syncrun finished 2017-12-30T13:31:57 (last step: 298 msec, total: 522 msec)
#=#=#=# Syncrun started 2017-12-30T13:32:26
#=#=#=#=# Propagation starts 2017-12-30T13:32:27 (last step: 226 msec, total: 226 msec)
05:32:27||初始/阿里云连接密码.md|INST_SYNC|Up|1514611944|826b90dfe03163b3bedfbc65f3dd5c92|126|00000208ocq7ixsnr0f1|4||204|125|1514611914|30e53b43454cdeae9ff24ea416c7b3ee|00000208ocq7ixsnr0f1|INST_NONE|
#=#=#=# Syncrun finished 2017-12-30T13:32:27 (last step: 265 msec, total: 492 msec)
#=#=#=# Syncrun started 2017-12-30T13:32:29
#=#=#=#=# Propagation starts 2017-12-30T13:32:29 (last step: 203 msec, total: 203 msec)
05:32:30||初始/阿里云连接密码.md|INST_SYNC|Up|1514611947|1e6092f3cc22a91e7baf4d93dda837f6|131|00000208ocq7ixsnr0f1|4||204|126|1514611944|826b90dfe03163b3bedfbc65f3dd5c92|00000208ocq7ixsnr0f1|INST_NONE|
#=#=#=# Syncrun finished 2017-12-30T13:32:29 (last step: 295 msec, total: 499 msec)
#=#=#=# Syncrun started 2017-12-30T13:32:31
#=#=#=#=# Propagation starts 2017-12-30T13:32:32 (last step: 267 msec, total: 267 msec)
05:32:32||初始/阿里云连接密码.md|INST_SYNC|Up|1514611949|607d834784a8b74fcfc21786a8d0ebe4|135|00000208ocq7ixsnr0f1|4||204|131|1514611947|1e6092f3cc22a91e7baf4d93dda837f6|00000208ocq7ixsnr0f1|INST_NONE|
#=#=#=# Syncrun finished 2017-12-30T13:32:32 (last step: 374 msec, total: 641 msec)
#=#=#=# Syncrun started 2017-12-30T13:32:34
#=#=#=#=# Propagation starts 2017-12-30T13:32:34 (last step: 256 msec, total: 256 msec)
05:32:35||初始/阿里云连接密码.md|INST_SYNC|Up|1514611952|9bf67b865e07ee2c2cfb2e505638e8a8|140|00000208ocq7ixsnr0f1|4||204|135|1514611949|607d834784a8b74fcfc21786a8d0ebe4|00000208ocq7ixsnr0f1|INST_NONE|
#=#=#=# Syncrun finished 2017-12-30T13:32:35 (last step: 290 msec, total: 546 msec)
#=#=#=# Syncrun started 2017-12-30T13:32:47
#=#=#=#=# Propagation starts 2017-12-30T13:32:48 (last step: 263 msec, total: 263 msec)
05:32:48||初始/阿里云连接密码.md|INST_SYNC|Up|1514611965|aa4c1a18cf88d7772ddae9253f49cb6f|144|00000208ocq7ixsnr0f1|4||204|140|1514611952|9bf67b865e07ee2c2cfb2e505638e8a8|00000208ocq7ixsnr0f1|INST_NONE|
#=#=#=# Syncrun finished 2017-12-30T13:32:48 (last step: 282 msec, total: 546 msec)
#=#=#=# Syncrun started 2017-12-30T13:32:50
#=#=#=#=# Propagation starts 2017-12-30T13:32:50 (last step: 240 msec, total: 240 msec)
05:32:51||初始/阿里云连接密码.md|INST_SYNC|Up|1514611968|f6ac6da093142bf309e271212e9c6984|148|00000208ocq7ixsnr0f1|4||204|144|1514611965|aa4c1a18cf88d7772ddae9253f49cb6f|00000208ocq7ixsnr0f1|INST_NONE|
#=#=#=# Syncrun finished 2017-12-30T13:32:51 (last step: 309 msec, total: 550 msec)
#=#=#=# Syncrun started 2017-12-30T13:32:56
#=#=#=#=# Propagation starts 2017-12-30T13:32:57 (last step: 248 msec, total: 248 msec)
05:32:57||初始/阿里云连接密码.md|INST_SYNC|Up|1514611974|2cfb09b5be16bded40095f57fc53088f|149|00000208ocq7ixsnr0f1|4||204|148|1514611968|f6ac6da093142bf309e271212e9c6984|00000208ocq7ixsnr0f1|INST_NONE|
#=#=#=# Syncrun finished 2017-12-30T13:32:57 (last step: 304 msec, total: 552 msec)
#=#=#=# Syncrun started 2017-12-30T13:32:59
#=#=#=#=# Propagation starts 2017-12-30T13:32:59 (last step: 215 msec, total: 215 msec)
05:33:00||初始/阿里云连接密码.md|INST_SYNC|Up|1514611977|50f49c5373725cb625bee7ad451a7699|150|00000208ocq7ixsnr0f1|4||204|149|1514611974|2cfb09b5be16bded40095f57fc53088f|00000208ocq7ixsnr0f1|INST_NONE|
#=#=#=# Syncrun finished 2017-12-30T13:32:59 (last step: 241 msec, total: 457 msec)
#=#=#=# Syncrun started 2017-12-30T13:33:01
#=#=#=#=# Propagation starts 2017-12-30T13:33:02 (last step: 201 msec, total: 201 msec)
05:33:02||初始/阿里云连接密码.md|INST_SYNC|Up|1514611979|67fbb70eb46efde3176641c5ea3654ba|151|00000208ocq7ixsnr0f1|4||204|150|1514611977|50f49c5373725cb625bee7ad451a7699|00000208ocq7ixsnr0f1|INST_NONE|
#=#=#=# Syncrun finished 2017-12-30T13:33:02 (last step: 243 msec, total: 445 msec)
#=#=#=# Syncrun started 2017-12-30T13:33:04
#=#=#=#=# Propagation starts 2017-12-30T13:33:04 (last step: 238 msec, total: 238 msec)
05:33:05||初始/阿里云连接密码.md|INST_SYNC|Up|1514611982|b8cc80021e2f5d8bc72eddad7489463b|156|00000208ocq7ixsnr0f1|4||204|151|1514611979|67fbb70eb46efde3176641c5ea3654ba|00000208ocq7ixsnr0f1|INST_NONE|
#=#=#=# Syncrun finished 2017-12-30T13:33:05 (last step: 290 msec, total: 529 msec)
#=#=#=# Syncrun started 2017-12-30T13:33:17
#=#=#=#=# Propagation starts 2017-12-30T13:33:18 (last step: 258 msec, total: 258 msec)
05:33:18||初始/阿里云连接密码.md|INST_SYNC|Up|1514611995|66fdbcd0af7450938e1e32dbcf1a9a25|158|00000208ocq7ixsnr0f1|4||204|156|1514611982|b8cc80021e2f5d8bc72eddad7489463b|00000208ocq7ixsnr0f1|INST_NONE|
#=#=#=# Syncrun finished 2017-12-30T13:33:18 (last step: 246 msec, total: 504 msec)
#=#=#=# Syncrun started 2017-12-30T13:33:20
#=#=#=#=# Propagation starts 2017-12-30T13:33:20 (last step: 237 msec, total: 237 msec)
05:33:21||初始/阿里云连接密码.md|INST_SYNC|Up|1514611998|a3d7ca35e8de9d2b8fd96a8ab7f976fd|157|00000208ocq7ixsnr0f1|4||204|158|1514611995|66fdbcd0af7450938e1e32dbcf1a9a25|00000208ocq7ixsnr0f1|INST_NONE|
#=#=#=# Syncrun finished 2017-12-30T13:33:20 (last step: 288 msec, total: 525 msec)
#=#=#=# Syncrun started 2017-12-30T13:33:23
#=#=#=#=# Propagation starts 2017-12-30T13:33:23 (last step: 307 msec, total: 307 msec)
05:33:24||初始/阿里云连接密码.md|INST_SYNC|Up|1514612000|7ef1c2f3bf9891dad90dd26864f1a01f|158|00000208ocq7ixsnr0f1|4||204|157|1514611998|a3d7ca35e8de9d2b8fd96a8ab7f976fd|00000208ocq7ixsnr0f1|INST_NONE|
#=#=#=# Syncrun finished 2017-12-30T13:33:23 (last step: 462 msec, total: 769 msec)
#=#=#=# Syncrun started 2017-12-30T13:33:25
#=#=#=#=# Propagation starts 2017-12-30T13:33:26 (last step: 259 msec, total: 259 msec)
05:33:26||初始/阿里云连接密码.md|INST_SYNC|Up|1514612003|f7cb716825ba70550643c01a91da9e77|158|00000208ocq7ixsnr0f1|4||204|158|1514612000|7ef1c2f3bf9891dad90dd26864f1a01f|00000208ocq7ixsnr0f1|INST_NONE|
#=#=#=# Syncrun finished 2017-12-30T13:33:26 (last step: 256 msec, total: 515 msec)
#=#=#=# Syncrun started 2017-12-30T13:33:36
#=#=#=#=# Propagation starts 2017-12-30T13:33:37 (last step: 252 msec, total: 252 msec)
05:33:37||初始/阿里云连接密码.md|INST_SYNC|Up|1514612014|43f91dddd2774be3ebb0f26975fa43af|152|00000208ocq7ixsnr0f1|4||204|158|1514612003|f7cb716825ba70550643c01a91da9e77|00000208ocq7ixsnr0f1|INST_NONE|
#=#=#=# Syncrun finished 2017-12-30T13:33:37 (last step: 278 msec, total: 530 msec)
#=#=#=# Syncrun started 2017-12-30T13:33:39
#=#=#=#=# Propagation starts 2017-12-30T13:33:39 (last step: 209 msec, total: 209 msec)
05:33:40||初始/阿里云连接密码.md|INST_SYNC|Up|1514612017|f03a4daaf677101ccc253f9f63274f30|155|00000208ocq7ixsnr0f1|4||204|152|1514612014|43f91dddd2774be3ebb0f26975fa43af|00000208ocq7ixsnr0f1|INST_NONE|
#=#=#=# Syncrun finished 2017-12-30T13:33:39 (last step: 283 msec, total: 493 msec)
#=#=#=# Syncrun started 2017-12-30T13:33:41
#=#=#=#=# Propagation starts 2017-12-30T13:33:42 (last step: 388 msec, total: 388 msec)
05:33:42||初始/阿里云连接密码.md|INST_SYNC|Up|1514612019|1d5fd7e4b5d6e19db10cc71c4504544a|156|00000208ocq7ixsnr0f1|4||204|155|1514612017|f03a4daaf677101ccc253f9f63274f30|00000208ocq7ixsnr0f1|INST_NONE|
#=#=#=# Syncrun finished 2017-12-30T13:33:42 (last step: 294 msec, total: 682 msec)
#=#=#=# Syncrun started 2017-12-30T13:33:44
#=#=#=#=# Propagation starts 2017-12-30T13:33:44 (last step: 209 msec, total: 209 msec)
05:33:45||初始/阿里云连接密码.md|INST_SYNC|Up|1514612022|8b9bae5e6ccd2b26bb33dd59d742570f|158|00000208ocq7ixsnr0f1|4||204|156|1514612019|1d5fd7e4b5d6e19db10cc71c4504544a|00000208ocq7ixsnr0f1|INST_NONE|
#=#=#=# Syncrun finished 2017-12-30T13:33:45 (last step: 285 msec, total: 495 msec)
#=#=#=# Syncrun started 2017-12-30T13:33:56
#=#=#=#=# Propagation starts 2017-12-30T13:33:57 (last step: 243 msec, total: 243 msec)
05:33:57||初始/阿里云连接密码.md|INST_SYNC|Up|1514612034|b4e708f4fae06882a9bc5b7589f136f5|154|00000208ocq7ixsnr0f1|4||204|158|1514612022|8b9bae5e6ccd2b26bb33dd59d742570f|00000208ocq7ixsnr0f1|INST_NONE|
#=#=#=# Syncrun finished 2017-12-30T13:33:57 (last step: 307 msec, total: 550 msec)
#=#=#=# Syncrun started 2017-12-30T13:33:59
#=#=#=#=# Propagation starts 2017-12-30T13:33:59 (last step: 246 msec, total: 246 msec)
05:34:00||初始/阿里云连接密码.md|INST_SYNC|Up|1514612037|085c7e0494ca2f2e96cbc6c045fc7103|150|00000208ocq7ixsnr0f1|4||204|154|1514612034|b4e708f4fae06882a9bc5b7589f136f5|00000208ocq7ixsnr0f1|INST_NONE|
#=#=#=# Syncrun finished 2017-12-30T13:33:59 (last step: 269 msec, total: 515 msec)
#=#=#=# Syncrun started 2017-12-30T13:34:34
#=#=#=#=# Propagation starts 2017-12-30T13:34:34 (last step: 272 msec, total: 272 msec)
#=#=#=# Syncrun finished 2017-12-30T13:34:34 (last step: 106 msec, total: 379 msec)
#=#=#=# Syncrun started 2017-12-30T13:35:04
#=#=#=#=# Propagation starts 2017-12-30T13:35:04 (last step: 112 msec, total: 112 msec)
05:35:04||初始/阿里云连接密码.md|INST_SYNC|Up|1514612101|ffa2f68e6785d2f5f259a271e5ddcc78|150|00000208ocq7ixsnr0f1|4||204|150|1514612037|085c7e0494ca2f2e96cbc6c045fc7103|00000208ocq7ixsnr0f1|INST_NONE|
#=#=#=# Syncrun finished 2017-12-30T13:35:04 (last step: 269 msec, total: 381 msec)
#=#=#=# Syncrun started 2017-12-30T13:36:04
#=#=#=#=# Propagation starts 2017-12-30T13:36:04 (last step: 295 msec, total: 295 msec)
#=#=#=# Syncrun finished 2017-12-30T13:36:04 (last step: 246 msec, total: 541 msec)
#=#=#=# Syncrun started 2017-12-30T13:42:37
#=#=#=#=# Propagation starts 2017-12-30T13:42:37 (last step: 100 msec, total: 100 msec)
05:42:38||初始/Markdown Cheatsheet.md|INST_SYNC|Up|1514612555|7f3e95c0eb944a3434bfa4713f128305|6823|00000206ocq7ixsnr0f1|4||204|6823|1514611884|8812a1545e0f7dfe3755e4f52196c456|00000206ocq7ixsnr0f1|INST_NONE|
#=#=#=# Syncrun finished 2017-12-30T13:42:37 (last step: 239 msec, total: 339 msec)
#=#=#=# Syncrun started 2017-12-30T13:43:34
#=#=#=#=# Propagation starts 2017-12-30T13:43:34 (last step: 256 msec, total: 256 msec)
#=#=#=# Syncrun finished 2017-12-30T13:43:34 (last step: 172 msec, total: 429 msec)
#=#=#=# Syncrun started 2017-12-30T13:50:23
#=#=#=#=# Propagation starts 2017-12-30T13:50:23 (last step: 584 msec, total: 584 msec)
05:50:24||初始/Markdown Cheatsheet.md|INST_SYNC|Up|1514613021|342de16a6451e415580de60008a41a34|6823|00000206ocq7ixsnr0f1|4||204|6823|1514612555|7f3e95c0eb944a3434bfa4713f128305|00000206ocq7ixsnr0f1|INST_NONE|
#=#=#=# Syncrun finished 2017-12-30T13:50:23 (last step: 207 msec, total: 792 msec)
#=#=#=# Syncrun started 2017-12-30T13:51:04
#=#=#=#=# Propagation starts 2017-12-30T13:51:04 (last step: 298 msec, total: 298 msec)
#=#=#=# Syncrun finished 2017-12-30T13:51:04 (last step: 105 msec, total: 404 msec)
#=#=#=# Syncrun started 2017-12-30T14:03:40
#=#=#=#=# Propagation starts 2017-12-30T14:03:40 (last step: 145 msec, total: 145 msec)
06:03:40||初始/Markdown Cheatsheet.md|INST_SYNC|Up|1514613818|2f6fe40e997566bf73f24793e0988db0|6823|00000206ocq7ixsnr0f1|4||204|6823|1514613021|342de16a6451e415580de60008a41a34|00000206ocq7ixsnr0f1|INST_NONE|
#=#=#=# Syncrun finished 2017-12-30T14:03:40 (last step: 207 msec, total: 352 msec)
#=#=#=# Syncrun started 2017-12-30T14:04:34
#=#=#=#=# Propagation starts 2017-12-30T14:04:34 (last step: 394 msec, total: 394 msec)
#=#=#=# Syncrun finished 2017-12-30T14:04:34 (last step: 133 msec, total: 528 msec)
